<?xml version="1.0" encoding="UTF-8"?>
<!-- Generated by org.testng.reporters.JUnitReportReporter -->
<testsuite hostname="LAPTOP-AVB2L64G" failures="0" tests="1" name="org.example.TitlePage" time="5.827" errors="0" timestamp="2023-05-11T14:11:40 IST" skipped="0">
  <testcase classname="org.example.TitlePage" name="titlefetch" time="5.827"/>
  <system-out/>
</testsuite> <!-- org.example.TitlePage -->
