<?xml version="1.0" encoding="UTF-8"?>
<!-- Generated by org.testng.reporters.JUnitReportReporter -->
<testsuite hostname="LAPTOP-AVB2L64G" failures="0" tests="3" name="org.example.OrangeLogin" time="21.085" errors="0" timestamp="2023-05-11T14:49:00 IST" skipped="0">
  <testcase classname="org.example.OrangeLogin" name="login" time="6.208"/>
  <system-out/>
  <testcase classname="org.example.OrangeLogin" name="login" time="7.722"/>
  <system-out/>
  <testcase classname="org.example.OrangeLogin" name="login" time="7.155"/>
  <system-out/>
</testsuite> <!-- org.example.OrangeLogin -->
