<?xml version="1.0" encoding="UTF-8"?>
<!-- Generated by org.testng.reporters.JUnitReportReporter -->
<testsuite hostname="LAPTOP-AVB2L64G" failures="0" tests="1" name="org.example.dragndrop" time="11.461" errors="0" timestamp="2023-05-10T14:47:33 IST" skipped="0">
  <testcase classname="org.example.dragndrop" name="drag" time="11.461"/>
  <system-out/>
</testsuite> <!-- org.example.dragndrop -->
